{
  "RSpec": {
    "coverage": {
      "/home/radha017/working_proj/trading/app/models/user.rb": {
        "lines": [
          1,
          1,
          1,
          1,
          null,
          null,
          1,
          1,
          null,
          1,
          2,
          2,
          null,
          null,
          1,
          2,
          2,
          null,
          null
        ]
      },
      "/home/radha017/working_proj/trading/app/models/application_record.rb": {
        "lines": [
          1,
          1,
          null
        ]
      },
      "/home/radha017/working_proj/trading/app/helpers/admin_helper.rb": {
        "lines": [
          1,
          null
        ]
      },
      "/home/radha017/working_proj/trading/app/helpers/application_helper.rb": {
        "lines": [
          1,
          null
        ]
      },
      "/home/radha017/working_proj/trading/app/helpers/portfolios_helper.rb": {
        "lines": [
          1,
          null
        ]
      },
      "/home/radha017/working_proj/trading/app/helpers/transactions_helper.rb": {
        "lines": [
          1,
          null
        ]
      },
      "/home/radha017/working_proj/trading/app/controllers/admin_controller.rb": {
        "lines": [
          1,
          1,
          1,
          1,
          1,
          1,
          null,
          null,
          1,
          1,
          1,
          1,
          1,
          null,
          null,
          null,
          null,
          1,
          2,
          2,
          2,
          null,
          null,
          null,
          1,
          0,
          null,
          null,
          null,
          1,
          null,
          1,
          8,
          3,
          3,
          null,
          null,
          null,
          1,
          2,
          null,
          null,
          null,
          null,
          null
        ]
      },
      "/home/radha017/working_proj/trading/app/controllers/application_controller.rb": {
        "lines": [
          1,
          null
        ]
      },
      "/home/radha017/working_proj/trading/app/controllers/portfolios_controller.rb": {
        "lines": [
          1,
          1,
          1,
          null,
          null,
          1,
          1,
          1,
          1,
          null,
          2,
          2,
          null,
          2,
          null,
          null,
          null,
          1,
          1,
          1,
          1,
          null,
          1,
          2,
          2,
          2,
          null,
          null,
          null,
          null,
          1,
          1,
          1,
          null,
          null,
          null,
          null,
          1,
          1,
          1,
          null,
          null
        ]
      },
      "/home/radha017/working_proj/trading/app/controllers/transactions_controller.rb": {
        "lines": [
          1,
          1,
          1,
          null,
          1,
          1,
          null,
          1,
          1,
          1,
          1,
          1,
          null,
          null,
          null,
          null,
          null,
          null,
          1,
          2,
          2,
          2,
          2,
          2,
          null,
          2,
          2,
          2,
          1,
          null,
          null,
          null,
          null,
          null,
          null,
          null,
          null,
          1,
          1,
          null,
          1,
          1,
          null,
          null,
          0,
          0,
          null,
          null,
          null,
          null,
          1,
          1,
          1,
          1,
          1,
          1,
          1,
          null,
          1,
          1,
          1,
          null,
          1,
          null,
          1,
          null,
          null,
          null,
          null,
          null,
          null,
          null,
          null,
          1,
          1,
          null,
          1,
          1,
          null,
          null,
          0,
          0,
          null,
          null,
          null,
          0,
          0,
          null,
          null,
          null,
          1,
          1,
          1,
          1,
          1,
          1,
          null,
          1,
          null,
          null,
          1,
          2,
          2,
          2,
          2,
          2,
          null,
          2,
          2,
          2,
          2,
          1,
          1,
          null,
          1,
          null,
          null,
          null,
          null
        ]
      },
      "/home/radha017/working_proj/trading/app/controllers/users/registrations_controller.rb": {
        "lines": [
          null,
          null,
          1,
          1,
          1,
          null,
          null,
          null,
          null,
          null,
          null,
          null,
          1,
          2,
          2,
          null,
          null,
          null,
          null,
          null,
          null,
          null,
          null,
          null,
          null,
          null,
          null,
          null,
          null,
          null,
          null,
          null,
          null,
          null,
          null,
          null,
          null,
          null,
          null,
          null,
          null,
          null,
          null,
          null,
          null,
          null,
          1,
          2,
          null,
          null,
          null,
          1,
          0,
          null,
          null,
          null,
          null,
          null,
          null,
          null,
          null,
          null,
          null,
          null,
          null,
          null,
          null
        ]
      },
      "/home/radha017/working_proj/trading/app/models/stock.rb": {
        "lines": [
          1,
          1,
          null,
          null
        ]
      },
      "/home/radha017/working_proj/trading/app/models/transaction.rb": {
        "lines": [
          1,
          1,
          1,
          null
        ]
      },
      "/home/radha017/working_proj/trading/app/services/call_api.rb": {
        "lines": [
          1,
          1,
          1,
          1,
          4,
          4,
          null,
          4,
          56,
          null,
          54,
          54,
          54,
          54,
          null,
          40,
          40,
          null,
          40,
          null,
          null,
          4,
          null,
          null,
          null
        ]
      },
      "/home/radha017/working_proj/trading/app/mailers/user_mailer.rb": {
        "lines": [
          1,
          1,
          null,
          1,
          1,
          1,
          null,
          null,
          1,
          1,
          1,
          null,
          null
        ]
      },
      "/home/radha017/working_proj/trading/app/mailers/application_mailer.rb": {
        "lines": [
          1,
          1,
          1,
          null
        ]
      },
      "/home/radha017/working_proj/trading/app/channels/application_cable/channel.rb": {
        "lines": [
          0,
          0,
          0,
          0
        ],
        "branches": {
        }
      },
      "/home/radha017/working_proj/trading/app/channels/application_cable/connection.rb": {
        "lines": [
          0,
          0,
          0,
          0
        ],
        "branches": {
        }
      },
      "/home/radha017/working_proj/trading/app/jobs/application_job.rb": {
        "lines": [
          0,
          null,
          null,
          null,
          null,
          null,
          0
        ],
        "branches": {
        }
      }
    },
    "timestamp": 1694205211
  }
}
